Populatia initiala
1: 0100000101011000100111 x= -0.23422503471374512 f= 1.7109135983995998
2: 0101100000010011111111 x= 0.032164812088012695 f= 2.0311302369513555
3: 1100000111101001101100 x= 1.272416114807129 f= 1.6533733455862603
4: 1100000010111101011101 x= 1.2586724758148193 f= 1.6744160744410124
5: 0001011010001101110001 x= -0.7356979846954346 f= 0.7230504906196416
6: 1010001110001000000000 x= 0.9163818359375 f= 2.076626166701317
7: 1101110010101010001000 x= 1.5859127044677734 f= 1.0707935982754861
8: 0101000101110110011110 x= -0.04535818099975586 f= 1.9525844544166375
9: 1010000101011101010010 x= 0.890988826751709 f= 2.097127737355322
10: 1010010111101010011001 x= 0.9443233013153076 f= 2.0525768039082664
11: 1010010110100100100110 x= 0.9411282539367676 f= 2.0554058635786987
12: 0011011010111100100100 x= -0.35855579376220703 f= 1.5128819489973466
13: 0000010111010010011011 x= -0.9317739009857178 f= 0.20002349645614004
14: 1011010010100001000111 x= 1.1167500019073486 f= 1.8696194351472855
15: 0000110010001100010110 x= -0.8529505729675293 f= 0.4195247471068342
16: 0011101010000111001110 x= -0.31412267684936523 f= 1.587204267039624
17: 1011000101101101100001 x= 1.0792319774627686 f= 1.9144903162845708
18: 0011011011001110010010 x= -0.3577446937561035 f= 1.5142740403332482
19: 0010000111100011111111 x= -0.6028449535369873 f= 1.0337330084580003
20: 1110000011001011011001 x= 1.6343104839324951 f= 0.9633397260408287

Elementele elitiste (cu fitness-ul maxim = 2.097127737355322):
Cromozomul 9: 1010000101011101010010

Probabilitati selectie
cromozom 1 probabilitate 0.05681627607740499
cromozom 2 probabilitate 0.06745007836733564
cromozom 3 probabilitate 0.05490547070858658
cromozom 4 probabilitate 0.05560426081297988
cromozom 5 probabilitate 0.024011169430984802
cromozom 6 probabilitate 0.06896091404453755
cromozom 7 probabilitate 0.03555907484658878
cromozom 8 probabilitate 0.06484171820853933
cromozom 9 probabilitate 0.06964173328601649
cromozom 10 probabilitate 0.06816227918815804
cromozom 11 probabilitate 0.06825622702715184
cromozom 12 probabilitate 0.05024001128236978
cromozom 13 probabilitate 0.006642410351551596
cromozom 14 probabilitate 0.06208660337165685
cromozom 15 probabilitate 0.013931640893626423
cromozom 16 probabilitate 0.05270811799714059
cromozom 17 probabilitate 0.06357668234052889
cromozom 18 probabilitate 0.050286240060806946
cromozom 19 probabilitate 0.03432836120644274
cromozom 20 probabilitate 0.031990730497592275

Intervale probabilitati selectie
0
0.05681627607740499
0.12426635444474063
0.17917182515332722
0.2347760859663071
0.2587872553972919
0.3277481694418295
0.36330724428841826
0.4281489624969576
0.4977906957829741
0.5659529749711321
0.6342092019982839
0.6844492132806537
0.6910916236322052
0.753178227003862
0.7671098678974885
0.8198179858946291
0.883394668235158
0.933680908295965
0.9680092695024077
1.0
u = 0.28085089424797705 selectam cromozomul 6
u = 0.6491678097554346 selectam cromozomul 12
u = 0.3030999933520444 selectam cromozomul 6
u = 0.41153739543031786 selectam cromozomul 8
u = 0.766328370090991 selectam cromozomul 15
u = 0.9646077604902321 selectam cromozomul 19
u = 0.8738908753058673 selectam cromozomul 17
u = 0.19901856354318315 selectam cromozomul 4
u = 0.6438267711876251 selectam cromozomul 12
u = 0.3736605910251092 selectam cromozomul 8
u = 0.8436712986686306 selectam cromozomul 17
u = 0.3220710603002487 selectam cromozomul 6
u = 0.6014204663347428 selectam cromozomul 11
u = 0.770300269621279 selectam cromozomul 16
u = 0.7522021025935085 selectam cromozomul 14
u = 0.0055633431570301095 selectam cromozomul 1
u = 0.038867963652240656 selectam cromozomul 1
u = 0.9119118207819359 selectam cromozomul 18
u = 0.3684467099611036 selectam cromozomul 8
u = 0.7351615792320892 selectam cromozomul 14

Dupa selectie:
1: 1010001110001000000000 x= 0.9163818359375 f= 2.076626166701317
2: 0011011010111100100100 x= -0.35855579376220703 f= 1.5128819489973466
3: 1010001110001000000000 x= 0.9163818359375 f= 2.076626166701317
4: 0101000101110110011110 x= -0.04535818099975586 f= 1.9525844544166375
5: 0000110010001100010110 x= -0.8529505729675293 f= 0.4195247471068342
6: 0010000111100011111111 x= -0.6028449535369873 f= 1.0337330084580003
7: 1011000101101101100001 x= 1.0792319774627686 f= 1.9144903162845708
8: 1100000010111101011101 x= 1.2586724758148193 f= 1.6744160744410124
9: 0011011010111100100100 x= -0.35855579376220703 f= 1.5128819489973466
10: 0101000101110110011110 x= -0.04535818099975586 f= 1.9525844544166375
11: 1011000101101101100001 x= 1.0792319774627686 f= 1.9144903162845708
12: 1010001110001000000000 x= 0.9163818359375 f= 2.076626166701317
13: 1010010110100100100110 x= 0.9411282539367676 f= 2.0554058635786987
14: 0011101010000111001110 x= -0.31412267684936523 f= 1.587204267039624
15: 1011010010100001000111 x= 1.1167500019073486 f= 1.8696194351472855
16: 0100000101011000100111 x= -0.23422503471374512 f= 1.7109135983995998
17: 0100000101011000100111 x= -0.23422503471374512 f= 1.7109135983995998
18: 0011011011001110010010 x= -0.3577446937561035 f= 1.5142740403332482
19: 0101000101110110011110 x= -0.04535818099975586 f= 1.9525844544166375
20: 1011010010100001000111 x= 1.1167500019073486 f= 1.8696194351472855


Probabilitatea de incrucisare: 0.25
1: 1010001110001000000000 u = 0.6192463483614502
2: 0011011010111100100100 u = 0.11044952305168254<0.25 participa
3: 1010001110001000000000 u = 0.2951426146040623
4: 0101000101110110011110 u = 0.37798376543666923
5: 0000110010001100010110 u = 0.4061827594997839
6: 0010000111100011111111 u = 0.6169391437696061
7: 1011000101101101100001 u = 0.9406763174993308
8: 1100000010111101011101 u = 0.026087462811616557<0.25 participa
9: 0011011010111100100100 u = 0.8774559745836553
10: 0101000101110110011110 u = 0.33182423032814756
11: 1011000101101101100001 u = 0.12680518320431755<0.25 participa
12: 1010001110001000000000 u = 0.6483566153036059
13: 1010010110100100100110 u = 0.24255119951694848<0.25 participa
14: 0011101010000111001110 u = 0.13685341776519577<0.25 participa
15: 1011010010100001000111 u = 0.12625061515634284<0.25 participa
16: 0100000101011000100111 u = 0.04683668270403829<0.25 participa
17: 0100000101011000100111 u = 0.7303653608100926
18: 0011011011001110010010 u = 0.752984363434519
19: 0101000101110110011110 u = 0.22252404721141883<0.25 participa
20: 1011010010100001000111 u = 0.9926235015189088

Recombinare dintre cromozomul 14 cu cromozomul 11:
 0011101010000111001110 1011000101101101100001 punct 18
Rezultat 1011000101101101101110 0011101010000111000001

Recombinare dintre cromozomul 15 cu cromozomul 8:
 1011010010100001000111 1100000010111101011101 punct 7
Rezultat 1100000010100001000111 1011010010111101011101

Recombinare dintre cromozomul 13 cu cromozomul 2:
 1010010110100100100110 0011011010111100100100 punct 10
Rezultat 0011011010100100100110 1010010110111100100100

Recombinare dintre cromozomul 16 cu cromozomul 19:
 0100000101011000100111 0101000101110110011110 punct 12
Rezultat 0101000101111000100111 0100000101010110011110


Dupa recombinare
1: 1010001110001000000000 x= 0.9163818359375 f= 2.076626166701317
2: 1010010110111100100100 x= 0.942225456237793 f= 2.054436645855276
3: 1010001110001000000000 x= 0.9163818359375 f= 2.076626166701317
4: 0101000101110110011110 x= -0.04535818099975586 f= 1.9525844544166375
5: 0000110010001100010110 x= -0.8529505729675293 f= 0.4195247471068342
6: 0010000111100011111111 x= -0.6028449535369873 f= 1.0337330084580003
7: 1011000101101101100001 x= 1.0792319774627686 f= 1.9144903162845708
8: 1011010010111101011101 x= 1.1180474758148193 f= 1.8680173176389303
9: 0011011010111100100100 x= -0.35855579376220703 f= 1.5128819489973466
10: 0101000101110110011110 x= -0.04535818099975586 f= 1.9525844544166375
11: 0011101010000111000001 x= -0.3141319751739502 f= 1.5871891269993625
12: 1010001110001000000000 x= 0.9163818359375 f= 2.076626166701317
13: 0011011010100100100110 x= -0.3596529960632324 f= 1.510996726359508
14: 1011000101101101101110 x= 1.0792412757873535 f= 1.914479544424239
15: 1100000010100001000111 x= 1.2573750019073486 f= 1.6763831064858437
16: 0101000101111000100111 x= -0.04526019096374512 f= 1.9526913241501802
17: 0100000101011000100111 x= -0.23422503471374512 f= 1.7109135983995998
18: 0011011011001110010010 x= -0.3577446937561035 f= 1.5142740403332482
19: 0100000101010110011110 x= -0.23432302474975586 f= 1.7107696953223694
20: 1011010010100001000111 x= 1.1167500019073486 f= 1.8696194351472855

Probabilitate de mutatie pentru fiecare gena 0.01
Au fost modificati cromozomii
8
12
15
16
Dupa mutatie:
1: 1010001110001000000000 x= 0.9163818359375 f= 2.076626166701317
2: 1010010110111100100100 x= 0.942225456237793 f= 2.054436645855276
3: 1010001110001000000000 x= 0.9163818359375 f= 2.076626166701317
4: 0101000101110110011110 x= -0.04535818099975586 f= 1.9525844544166375
5: 0000110010001100010110 x= -0.8529505729675293 f= 0.4195247471068342
6: 0010000111100011111111 x= -0.6028449535369873 f= 1.0337330084580003
7: 1011000101101101100001 x= 1.0792319774627686 f= 1.9144903162845708
8: 1010010010111101011101 x= 0.9305474758148193 f= 2.0646288710694876
9: 0011011010111100100100 x= -0.35855579376220703 f= 1.5128819489973466
10: 0101000101110110011110 x= -0.04535818099975586 f= 1.9525844544166375
11: 0011101010000111000001 x= -0.3141319751739502 f= 1.5871891269993625
12: 1010001110001001000000 x= 0.9164276123046875 f= 2.076588043710217
13: 0011011010100100100110 x= -0.3596529960632324 f= 1.510996726359508
14: 1011000101101101101110 x= 1.0792412757873535 f= 1.914479544424239
15: 1100100010100001000111 x= 1.3511250019073486 f= 1.5255862311282158
16: 0101000101111000101111 x= -0.04525446891784668 f= 1.952697564125117
17: 0100000101011000100111 x= -0.23422503471374512 f= 1.7109135983995998
18: 0011011011001110010010 x= -0.3577446937561035 f= 1.5142740403332482
19: 0100000101010110011110 x= -0.23432302474975586 f= 1.7107696953223694
20: 1011010010100001000111 x= 1.1167500019073486 f= 1.8696194351472855

Dupa adaugarea elementelor elitiste:
1: 1010001110001000000000 x= 0.9163818359375 f= 2.076626166701317
2: 1010010110111100100100 x= 0.942225456237793 f= 2.054436645855276
3: 1010001110001000000000 x= 0.9163818359375 f= 2.076626166701317
4: 0101000101110110011110 x= -0.04535818099975586 f= 1.9525844544166375
5: 0000110010001100010110 x= -0.8529505729675293 f= 0.4195247471068342
6: 0010000111100011111111 x= -0.6028449535369873 f= 1.0337330084580003
7: 1011000101101101100001 x= 1.0792319774627686 f= 1.9144903162845708
8: 1010010010111101011101 x= 0.9305474758148193 f= 2.0646288710694876
9: 1010000101011101010010 x= 0.890988826751709 f= 2.097127737355322
10: 0101000101110110011110 x= -0.04535818099975586 f= 1.9525844544166375
11: 0011101010000111000001 x= -0.3141319751739502 f= 1.5871891269993625
12: 1010001110001001000000 x= 0.9164276123046875 f= 2.076588043710217
13: 0011011010100100100110 x= -0.3596529960632324 f= 1.510996726359508
14: 1011000101101101101110 x= 1.0792412757873535 f= 1.914479544424239
15: 1100100010100001000111 x= 1.3511250019073486 f= 1.5255862311282158
16: 0101000101111000101111 x= -0.04525446891784668 f= 1.952697564125117
17: 0100000101011000100111 x= -0.23422503471374512 f= 1.7109135983995998
18: 0011011011001110010010 x= -0.3577446937561035 f= 1.5142740403332482
19: 0100000101010110011110 x= -0.23432302474975586 f= 1.7107696953223694
20: 1011010010100001000111 x= 1.1167500019073486 f= 1.8696194351472855


Populatia 1: maximul = 2.097127737355322 media = 1.5056544678048738
Populatia 2: maximul = 2.097127737355322 media = 1.7507738287157282
Populatia 3: maximul = 2.097127737355322 media = 1.8386429413899577
Populatia 4: maximul = 2.097127737355322 media = 1.8925121222297576
Populatia 5: maximul = 2.097127737355322 media = 1.877315021547986
Populatia 6: maximul = 2.1061542088807528 media = 1.9834020857688273
Populatia 7: maximul = 2.1061542088807528 media = 1.9569135545746945
Populatia 8: maximul = 2.1061542088807528 media = 2.026768412087512
Populatia 9: maximul = 2.1061542088807528 media = 2.0268784795793238
Populatia 10: maximul = 2.1061542088807528 media = 2.015191054290537
Populatia 11: maximul = 2.1061542088807528 media = 2.0726417286558445
Populatia 12: maximul = 2.106431860471048 media = 2.0396094005850047
Populatia 13: maximul = 2.106431860471048 media = 1.9463280036254673
Populatia 14: maximul = 2.106431860471048 media = 2.05737202140167
Populatia 15: maximul = 2.106431860471048 media = 2.0847437186836486
Populatia 16: maximul = 2.108641265891265 media = 2.0855775049056406
Populatia 17: maximul = 2.2499847598317047 media = 2.0875777856577855
Populatia 18: maximul = 2.2499847598317047 media = 2.1045050865742896
Populatia 19: maximul = 2.2499847598317047 media = 2.1162991323316134
Populatia 20: maximul = 2.2499847598317047 media = 2.1374902450705404
Populatia 21: maximul = 2.249984849053135 media = 2.1668301185537615
Populatia 22: maximul = 2.249984849053135 media = 2.1687934541155243
Populatia 23: maximul = 2.249984849053135 media = 2.1786831127373603
Populatia 24: maximul = 2.249984849053135 media = 2.1324433266869134
Populatia 25: maximul = 2.249999073142817 media = 2.1784613558133175
Populatia 26: maximul = 2.249999073142817 media = 2.1982846144969415
Populatia 27: maximul = 2.249999073142817 media = 2.1838626152681173
Populatia 28: maximul = 2.249999073142817 media = 2.177102310221349
Populatia 29: maximul = 2.249999073142817 media = 2.166022743269335
Populatia 30: maximul = 2.249999073142817 media = 2.2087089646331632
Populatia 31: maximul = 2.2499993921790065 media = 2.1089481888093218
Populatia 32: maximul = 2.2499993921790065 media = 2.196645005279444
Populatia 33: maximul = 2.2499993921790065 media = 2.0947789375463115
Populatia 34: maximul = 2.2499993921790065 media = 2.1573091384997154
Populatia 35: maximul = 2.2499993921790065 media = 2.2277027203071724
Populatia 36: maximul = 2.2499993921790065 media = 2.233957779240859
Populatia 37: maximul = 2.2499993921790065 media = 2.2499993921790065
Populatia 38: maximul = 2.2499993921790065 media = 2.2499993921790065
Populatia 39: maximul = 2.2499993921790065 media = 2.2499993921790065
Populatia 40: maximul = 2.2499993921790065 media = 2.2499993921790065
Populatia 41: maximul = 2.2499993921790065 media = 2.2499993921790065
Populatia 42: maximul = 2.2499993921790065 media = 2.2499993921790065
Populatia 43: maximul = 2.2499993921790065 media = 2.2499993921790065
Populatia 44: maximul = 2.2499993921790065 media = 2.2499993921790065
Populatia 45: maximul = 2.2499993921790065 media = 2.2499993921790065
Populatia 46: maximul = 2.2499993921790065 media = 2.2499993921790065
Populatia 47: maximul = 2.2499993921790065 media = 2.2499993921790065
Populatia 48: maximul = 2.2499993921790065 media = 2.2499993921790065
Populatia 49: maximul = 2.2499993921790065 media = 2.2499993921790065
Populatia 50: maximul = 2.2499993921790065 media = 2.2499993921790065
